xacro: in-order processing became default in ROS Melodic. You can drop the option.
xacro: in-order processing became default in ROS Melodic. You can drop the option.
qt.qpa.xcb: X server does not support XInput 2
failed to get the current screen resources
/usr/bin/env: 'python3\r': No such file or directory
QStandardPaths: XDG_RUNTIME_DIR not set, defaulting to '/tmp/runtime-root'
qt.qpa.xcb: QXcbConnection: XCB error: 1 (BadRequest), sequence: 164, resource id: 90, major code: 130 (Unknown), minor code: 47
qt.qpa.xcb: QXcbConnection: XCB error: 170 (Unknown), sequence: 177, resource id: 90, major code: 146 (Unknown), minor code: 20
Warning: TF_REPEATED_DATA ignoring data with redundant timestamp for frame odom (parent map) at time 0.316000 according to authority unknown_publisher
         at line 278 in /tmp/binarydeb/ros-noetic-tf2-0.7.7/src/buffer_core.cpp
Warning: TF_REPEATED_DATA ignoring data with redundant timestamp for frame odom (parent map) at time 0.316000 according to authority unknown_publisher
         at line 278 in /tmp/binarydeb/ros-noetic-tf2-0.7.7/src/buffer_core.cpp
[33m[ WARN] [1726739854.643939570, 0.272000000]: TF_REPEATED_DATA ignoring data with redundant timestamp for frame odom (parent map) at time 0.316000 according to authority unknown_publisher[0m
[33m[ WARN] [1726739854.874789809, 0.448000000]: global_costmap: Parameter "plugins" not provided, loading pre-Hydro parameters[0m
Laser Pose= -0.0635793 1.05537e-05 3.14159
[33m[ WARN] [1726739855.522945257, 1.026000000]: local_costmap: Parameter "plugins" not provided, loading pre-Hydro parameters[0m
Laser Pose= -0.0635738 2.02892e-05 -3.1415
Registering Scans:Done
Laser Pose= -0.0635684 2.97543e-05 -3.1414
Registering Scans:Done
Laser Pose= -0.063563 3.93448e-05 -3.1413
Registering Scans:Done
Laser Pose= -0.0635576 4.89273e-05 -3.1412
Registering Scans:Done
Laser Pose= -0.0635522 5.85217e-05 -3.1411
Registering Scans:Done
Laser Pose= -0.0635467 6.8161e-05 -3.141
Registering Scans:Done
Laser Pose= -0.0635413 7.77618e-05 -3.14091
Registering Scans:Done
Laser Pose= -0.0635358 8.74569e-05 -3.14081
Registering Scans:Done
Laser Pose= -0.0635304 9.70056e-05 -3.14071
Registering Scans:Done
Laser Pose= -0.0635249 0.000106659 -3.14061
Registering Scans:Done
Laser Pose= -0.0635193 0.000116494 -3.14051
Registering Scans:Done
Laser Pose= -0.0635136 0.000126562 -3.14041
Registering Scans:Done
Laser Pose= -0.0635084 0.00013581 -3.14031
Registering Scans:Done
Laser Pose= -0.0635029 0.000145459 -3.14021
Registering Scans:Done
Laser Pose= -0.0634974 0.00015529 -3.14011
Registering Scans:Done
Laser Pose= -0.0634919 0.000164982 -3.14001
Registering Scans:Done
Laser Pose= -0.0634863 0.000174801 -3.13991
Registering Scans:Done
Laser Pose= -0.0634809 0.000184315 -3.13981
Registering Scans:Done
Laser Pose= -0.0634754 0.000194099 -3.13971
Registering Scans:Done
Laser Pose= -0.0634699 0.000203765 -3.13961
Registering Scans:Done
Laser Pose= -0.0634644 0.0002134 -3.13951
Registering Scans:Done
Laser Pose= -0.0634589 0.00022323 -3.13941
Registering Scans:Done
Laser Pose= -0.0634535 0.000232738 -3.13932
Registering Scans:Done
Laser Pose= -0.063448 0.000242438 -3.13922
Registering Scans:Done
Laser Pose= -0.0634425 0.000252142 -3.13912
Registering Scans:Done
Laser Pose= -0.063437 0.000261852 -3.13902
Registering Scans:Done
Laser Pose= -0.0634314 0.000271634 -3.13892
Registering Scans:Done
Laser Pose= -0.0634259 0.000281384 -3.13882
Registering Scans:Done
Laser Pose= -0.0634204 0.000291103 -3.13872
Registering Scans:Done
Laser Pose= -0.0634149 0.000300808 -3.13862
Registering Scans:Done
Laser Pose= -0.0634094 0.000310543 -3.13852
Registering Scans:Done
Laser Pose= -0.0634038 0.000320349 -3.13842
Registering Scans:Done
Laser Pose= -0.0633983 0.000330095 -3.13832
Registering Scans:Done
Laser Pose= -0.0633928 0.000339846 -3.13822
Registering Scans:Done
Laser Pose= -0.0633872 0.000349606 -3.13812
Registering Scans:Done
Laser Pose= -0.0633817 0.000359376 -3.13802
Registering Scans:Done
Laser Pose= -0.0633762 0.00036913 -3.13792
Registering Scans:Done
Laser Pose= -0.0633706 0.000378981 -3.13781
Registering Scans:Done
Laser Pose= -0.0633651 0.000388679 -3.13772
Registering Scans:Done
Laser Pose= -0.0633595 0.000398462 -3.13761
Registering Scans:Done
Laser Pose= -0.063354 0.000408282 -3.13751
Registering Scans:Done
Laser Pose= -0.0633484 0.000418174 -3.13741
Registering Scans:Done
Laser Pose= -0.0633428 0.000427987 -3.13731
Registering Scans:Done
Laser Pose= -0.0633373 0.00043779 -3.13721
Registering Scans:Done
Laser Pose= -0.0633317 0.000447599 -3.13711
Registering Scans:Done
Laser Pose= -0.0633261 0.000457462 -3.13701
Registering Scans:Done
Laser Pose= -0.0633205 0.000467372 -3.13691
Registering Scans:Done
Laser Pose= -0.0633149 0.000477205 -3.13681
Registering Scans:Done
Laser Pose= -0.0633093 0.0004871 -3.1367
Registering Scans:Done
Laser Pose= -0.0633038 0.000496952 -3.1366
Registering Scans:Done
Laser Pose= -0.0632982 0.000506793 -3.1365
Registering Scans:Done
Laser Pose= -0.0632926 0.000516639 -3.1364
Registering Scans:Done
Laser Pose= -0.063287 0.000526524 -3.1363
Registering Scans:Done
Laser Pose= -0.0632814 0.000536381 -3.1362
Registering Scans:Done
Laser Pose= -0.0632758 0.000546291 -3.1361
Registering Scans:Done
Laser Pose= -0.0632702 0.000556254 -3.13599
Registering Scans:Done
Laser Pose= -0.0632645 0.000566228 -3.13589
Registering Scans:Done
Laser Pose= -0.063259 0.000576066 -3.13579
Registering Scans:Done
Laser Pose= -0.0632534 0.000585944 -3.13569
Registering Scans:Done
Laser Pose= -0.0632478 0.000595845 -3.13559
Registering Scans:Done
Laser Pose= -0.0632422 0.000605729 -3.13548
Registering Scans:Done
Laser Pose= -0.0632366 0.000615672 -3.13538
Registering Scans:Done
Laser Pose= -0.063231 0.000625584 -3.13528
Registering Scans:Done
Laser Pose= -0.0632253 0.000635521 -3.13518
Registering Scans:Done
Laser Pose= -0.0632197 0.000645429 -3.13508
Registering Scans:Done
Laser Pose= -0.0632141 0.00065536 -3.13497
Registering Scans:Done
Laser Pose= -0.0632085 0.000665288 -3.13487
Registering Scans:Done
Laser Pose= -0.0632029 0.000675212 -3.13477
Registering Scans:Done
Laser Pose= -0.0631973 0.000685186 -3.13467
Registering Scans:Done
Laser Pose= -0.0631917 0.000695096 -3.13457
Registering Scans:Done
Laser Pose= -0.0631861 0.000705054 -3.13446
Registering Scans:Done
Laser Pose= -0.0631804 0.000715017 -3.13436
Registering Scans:Done
Laser Pose= -0.0631747 0.000725065 -3.13426
Registering Scans:Done
Laser Pose= -0.0631692 0.000734978 -3.13416
Registering Scans:Done
Laser Pose= -0.0631635 0.000744933 -3.13405
Registering Scans:Done
Laser Pose= -0.0631579 0.00075495 -3.13395
Registering Scans:Done
Laser Pose= -0.0631523 0.000764903 -3.13385
Registering Scans:Done
Laser Pose= -0.0631466 0.000774916 -3.13375
Registering Scans:Done
Laser Pose= -0.063141 0.000784927 -3.13364
Registering Scans:Done
Laser Pose= -0.0631353 0.00079491 -3.13354
Registering Scans:Done
Laser Pose= -0.0631297 0.000804928 -3.13344
Registering Scans:Done
Laser Pose= -0.063124 0.000814926 -3.13333
Registering Scans:Done
Laser Pose= -0.0631184 0.000824952 -3.13323
Registering Scans:Done
Laser Pose= -0.0631127 0.000835066 -3.13313
Registering Scans:Done
Laser Pose= -0.063107 0.000845054 -3.13302
Registering Scans:Done
Laser Pose= -0.0631014 0.000855042 -3.13292
Registering Scans:Done
Laser Pose= -0.0630958 0.000865074 -3.13282
Registering Scans:Done
Laser Pose= -0.0630901 0.000875128 -3.13272
Registering Scans:Done
Laser Pose= -0.0630844 0.000885175 -3.13261
Registering Scans:Done
Laser Pose= -0.0630788 0.00089527 -3.13251
Registering Scans:Done
Laser Pose= -0.0630731 0.000905391 -3.1324
Registering Scans:Done
Laser Pose= -0.0630674 0.000915398 -3.1323
Registering Scans:Done
Laser Pose= -0.0630617 0.000925633 -3.1322
Registering Scans:Done
Laser Pose= -0.063056 0.000935711 -3.13209
Registering Scans:Done
Laser Pose= -0.0630503 0.000945829 -3.13199
Registering Scans:Done
Laser Pose= -0.0630446 0.000955885 -3.13189
Registering Scans:Done
Laser Pose= -0.063039 0.000965981 -3.13178
Registering Scans:Done
Laser Pose= -0.0630333 0.000976082 -3.13168
Registering Scans:Done
Laser Pose= -0.0630276 0.000986205 -3.13157
Registering Scans:Done
Laser Pose= -0.0630219 0.000996301 -3.13147
Registering Scans:Done
Laser Pose= -0.0630161 0.00100663 -3.13136
Registering Scans:Done
Laser Pose= -0.0630104 0.0010167 -3.13126
Registering Scans:Done
Laser Pose= -0.0630047 0.00102694 -3.13116
Registering Scans:Done
Laser Pose= -0.0629989 0.00103723 -3.13105
Registering Scans:Done
Laser Pose= -0.0629933 0.00104727 -3.13095
Registering Scans:Done
Laser Pose= -0.0629876 0.00105735 -3.13084
Registering Scans:Done
Laser Pose= -0.0629819 0.00106757 -3.13074
Registering Scans:Done
Laser Pose= -0.0629761 0.0010779 -3.13063
Registering Scans:Done
Laser Pose= -0.0629704 0.00108791 -3.13053
Registering Scans:Done
Laser Pose= -0.0629647 0.00109808 -3.13042
Registering Scans:Done
Laser Pose= -0.062959 0.00110827 -3.13032
Registering Scans:Done
Laser Pose= -0.0629533 0.00111846 -3.13021
Registering Scans:Done
Laser Pose= -0.0629476 0.00112866 -3.13011
Registering Scans:Done
Laser Pose= -0.0629418 0.00113886 -3.13
Registering Scans:Done
Laser Pose= -0.0629361 0.00114918 -3.1299
Registering Scans:Done
Laser Pose= -0.0629304 0.00115933 -3.12979
Registering Scans:Done
Laser Pose= -0.0629247 0.00116954 -3.12969
Registering Scans:Done
Laser Pose= -0.0629189 0.00117983 -3.12958
Registering Scans:Done
Laser Pose= -0.0629132 0.00118998 -3.12948
Registering Scans:Done
Laser Pose= -0.0629075 0.00120021 -3.12937
Registering Scans:Done
Laser Pose= -0.0629017 0.00121052 -3.12927
Registering Scans:Done
Laser Pose= -0.062896 0.00122077 -3.12916
Registering Scans:Done
Laser Pose= -0.0628902 0.00123103 -3.12906
Registering Scans:Done
Laser Pose= -0.0628845 0.00124126 -3.12895
Registering Scans:Done
Laser Pose= -0.0628787 0.00125162 -3.12885
Registering Scans:Done
Laser Pose= -0.062873 0.00126182 -3.12874
Registering Scans:Done
Laser Pose= -0.0628672 0.00127209 -3.12863
Registering Scans:Done
Laser Pose= -0.0628614 0.00128245 -3.12853
Registering Scans:Done
Laser Pose= -0.0628557 0.00129266 -3.12842
Registering Scans:Done
Laser Pose= -0.06285 0.00130297 -3.12832
Registering Scans:Done
Laser Pose= -0.0628442 0.00131323 -3.12821
Registering Scans:Done
Laser Pose= -0.0628385 0.00132358 -3.12811
Registering Scans:Done
Laser Pose= -0.0628327 0.00133387 -3.128
Registering Scans:Done
Laser Pose= -0.0628269 0.00134418 -3.12789
Registering Scans:Done
Laser Pose= -0.0628212 0.00135451 -3.12779
Registering Scans:Done
Laser Pose= -0.0628153 0.0013649 -3.12768
Registering Scans:Done
Laser Pose= -0.0628094 0.00137544 -3.12757
Registering Scans:Done
Laser Pose= -0.0628034 0.00138581 -3.12747
Registering Scans:Done
Laser Pose= -0.0627973 0.00139619 -3.12736
Registering Scans:Done
... logging to /root/.ros/log/950f48d4-766d-11ef-96f8-0242ac110002/roslaunch-9809bd64ec3d-32851.log
Checking log directory for disk usage. This may take a while.
Press Ctrl-C to interrupt
Done checking log file disk usage. Usage is <1GB.
]2;/root/ros1_ws/src/robot_pkg/launch/simulation_and_navigation_gmapping.launch
[1mstarted roslaunch server http://9809bd64ec3d:41653/[0m

SUMMARY
========

PARAMETERS
 * /data_file: 2020_12_28_10_46_...
 * /gazebo/enable_ros_network: True
 * /move_base/DWAPlannerROS/acc_lim_theta: 3.2
 * /move_base/DWAPlannerROS/acc_lim_x: 2.5
 * /move_base/DWAPlannerROS/acc_lim_y: 0.0
 * /move_base/DWAPlannerROS/controller_frequency: 10.0
 * /move_base/DWAPlannerROS/forward_point_distance: 0.325
 * /move_base/DWAPlannerROS/goal_distance_bias: 20.0
 * /move_base/DWAPlannerROS/latch_xy_goal_tolerance: False
 * /move_base/DWAPlannerROS/max_scaling_factor: 0.2
 * /move_base/DWAPlannerROS/max_vel_theta: 1.2
 * /move_base/DWAPlannerROS/max_vel_trans: 0.26
 * /move_base/DWAPlannerROS/max_vel_x: 0.26
 * /move_base/DWAPlannerROS/max_vel_y: 0.0
 * /move_base/DWAPlannerROS/min_vel_theta: 0.9
 * /move_base/DWAPlannerROS/min_vel_trans: 0.13
 * /move_base/DWAPlannerROS/min_vel_x: -0.2
 * /move_base/DWAPlannerROS/min_vel_y: 0.0
 * /move_base/DWAPlannerROS/occdist_scale: 0.02
 * /move_base/DWAPlannerROS/oscillation_reset_dist: 0.05
 * /move_base/DWAPlannerROS/path_distance_bias: 32.0
 * /move_base/DWAPlannerROS/publish_cost_grid_pc: True
 * /move_base/DWAPlannerROS/publish_traj_pc: True
 * /move_base/DWAPlannerROS/scaling_speed: 0.25
 * /move_base/DWAPlannerROS/sim_time: 2.0
 * /move_base/DWAPlannerROS/stop_time_buffer: 0.2
 * /move_base/DWAPlannerROS/vth_samples: 40
 * /move_base/DWAPlannerROS/vx_samples: 20
 * /move_base/DWAPlannerROS/vy_samples: 0
 * /move_base/DWAPlannerROS/xy_goal_tolerance: 0.05
 * /move_base/DWAPlannerROS/yaw_goal_tolerance: 0.17
 * /move_base/TrajectoryPlannerROS/acc_lim_theta: 0.6
 * /move_base/TrajectoryPlannerROS/acc_lim_x: 1.0
 * /move_base/TrajectoryPlannerROS/acc_lim_y: 0.0
 * /move_base/TrajectoryPlannerROS/holonomic_robot: False
 * /move_base/TrajectoryPlannerROS/max_vel_theta: 1.0
 * /move_base/TrajectoryPlannerROS/max_vel_x: 0.18
 * /move_base/TrajectoryPlannerROS/min_in_place_vel_theta: 1.0
 * /move_base/TrajectoryPlannerROS/min_vel_theta: -1.0
 * /move_base/TrajectoryPlannerROS/min_vel_x: 0.08
 * /move_base/TrajectoryPlannerROS/sim_granularity: 0.05
 * /move_base/TrajectoryPlannerROS/sim_time: 0.8
 * /move_base/TrajectoryPlannerROS/vtheta_samples: 20
 * /move_base/TrajectoryPlannerROS/vx_samples: 18
 * /move_base/TrajectoryPlannerROS/xy_goal_tolerance: 1.0
 * /move_base/TrajectoryPlannerROS/yaw_goal_tolerance: 0.5
 * /move_base/base_local_planner: dwa_local_planner...
 * /move_base/conservative_reset_dist: 3.0
 * /move_base/controller_frequency: 10.0
 * /move_base/controller_patience: 15.0
 * /move_base/global_costmap/cost_scaling_factor: 3.0
 * /move_base/global_costmap/footprint: [[-0.205, -0.155]...
 * /move_base/global_costmap/global_frame: map
 * /move_base/global_costmap/inflation_radius: 1.0
 * /move_base/global_costmap/map_type: costmap
 * /move_base/global_costmap/observation_sources: scan
 * /move_base/global_costmap/obstacle_range: 3.0
 * /move_base/global_costmap/publish_frequency: 10.0
 * /move_base/global_costmap/raytrace_range: 3.5
 * /move_base/global_costmap/robot_base_frame: base_footprint
 * /move_base/global_costmap/scan/clearing: True
 * /move_base/global_costmap/scan/data_type: LaserScan
 * /move_base/global_costmap/scan/marking: True
 * /move_base/global_costmap/scan/sensor_frame: base_scan
 * /move_base/global_costmap/scan/topic: scan
 * /move_base/global_costmap/static_map: True
 * /move_base/global_costmap/transform_tolerance: 0.5
 * /move_base/global_costmap/update_frequency: 10.0
 * /move_base/local_costmap/cost_scaling_factor: 3.0
 * /move_base/local_costmap/footprint: [[-0.205, -0.155]...
 * /move_base/local_costmap/global_frame: map
 * /move_base/local_costmap/height: 3
 * /move_base/local_costmap/inflation_radius: 1.0
 * /move_base/local_costmap/map_type: costmap
 * /move_base/local_costmap/observation_sources: scan
 * /move_base/local_costmap/obstacle_range: 3.0
 * /move_base/local_costmap/publish_frequency: 10.0
 * /move_base/local_costmap/raytrace_range: 3.5
 * /move_base/local_costmap/resolution: 0.05
 * /move_base/local_costmap/robot_base_frame: base_footprint
 * /move_base/local_costmap/rolling_window: True
 * /move_base/local_costmap/scan/clearing: True
 * /move_base/local_costmap/scan/data_type: LaserScan
 * /move_base/local_costmap/scan/marking: True
 * /move_base/local_costmap/scan/sensor_frame: base_scan
 * /move_base/local_costmap/scan/topic: scan
 * /move_base/local_costmap/static_map: False
 * /move_base/local_costmap/transform_tolerance: 0.5
 * /move_base/local_costmap/update_frequency: 10.0
 * /move_base/local_costmap/width: 3
 * /move_base/oscillation_distance: 0.2
 * /move_base/oscillation_timeout: 10.0
 * /move_base/planner_frequency: 5.0
 * /move_base/planner_patience: 5.0
 * /move_base/shutdown_costmaps: False
 * /robot_description: <?xml version="1....
 * /robot_state_publisher/publish_frequency: 50.0
 * /robot_state_publisher/tf_prefix: 
 * /rosdistro: noetic
 * /rosversion: 1.16.0
 * /turtlebot3_slam_gmapping/angularUpdate: 0.2
 * /turtlebot3_slam_gmapping/astep: 0.05
 * /turtlebot3_slam_gmapping/base_frame: base_footprint
 * /turtlebot3_slam_gmapping/delta: 0.05
 * /turtlebot3_slam_gmapping/iterations: 5
 * /turtlebot3_slam_gmapping/kernelSize: 1
 * /turtlebot3_slam_gmapping/lasamplerange: 0.005
 * /turtlebot3_slam_gmapping/lasamplestep: 0.005
 * /turtlebot3_slam_gmapping/linearUpdate: 1.0
 * /turtlebot3_slam_gmapping/llsamplerange: 0.01
 * /turtlebot3_slam_gmapping/llsamplestep: 0.01
 * /turtlebot3_slam_gmapping/lsigma: 0.075
 * /turtlebot3_slam_gmapping/lskip: 0
 * /turtlebot3_slam_gmapping/lstep: 0.05
 * /turtlebot3_slam_gmapping/map_frame: map
 * /turtlebot3_slam_gmapping/map_update_interval: 2.0
 * /turtlebot3_slam_gmapping/maxUrange: 3.0
 * /turtlebot3_slam_gmapping/minimumScore: 50
 * /turtlebot3_slam_gmapping/odom_frame: odom
 * /turtlebot3_slam_gmapping/ogain: 3.0
 * /turtlebot3_slam_gmapping/particles: 100
 * /turtlebot3_slam_gmapping/resampleThreshold: 0.5
 * /turtlebot3_slam_gmapping/sigma: 0.05
 * /turtlebot3_slam_gmapping/srr: 0.1
 * /turtlebot3_slam_gmapping/srt: 0.2
 * /turtlebot3_slam_gmapping/str: 0.1
 * /turtlebot3_slam_gmapping/stt: 0.2
 * /turtlebot3_slam_gmapping/temporalUpdate: 0.5
 * /turtlebot3_slam_gmapping/xmax: 10.0
 * /turtlebot3_slam_gmapping/xmin: -10.0
 * /turtlebot3_slam_gmapping/ymax: 10.0
 * /turtlebot3_slam_gmapping/ymin: -10.0
 * /use_sim_time: True

NODES
  /
    gazebo (gazebo_ros/gzserver)
    gazebo_gui (gazebo_ros/gzclient)
    gui_node (robot_pkg/gui_node.py)
    move_base (move_base/move_base)
    robot_state_publisher (robot_state_publisher/robot_state_publisher)
    rviz (rviz/rviz)
    spawn_urdf (gazebo_ros/spawn_model)
    turtlebot3_slam_gmapping (gmapping/slam_gmapping)

auto-starting new master
[1mprocess[master]: started with pid [32863][0m
[1mROS_MASTER_URI=http://localhost:11311[0m
]2;/root/ros1_ws/src/robot_pkg/launch/simulation_and_navigation_gmapping.launch http://localhost:11311
[1msetting /run_id to 950f48d4-766d-11ef-96f8-0242ac110002[0m
[1mprocess[rosout-1]: started with pid [32873][0m
started core service [/rosout]
[1mprocess[robot_state_publisher-2]: started with pid [32880][0m
[1mprocess[gazebo-3]: started with pid [32881][0m
[1mprocess[gazebo_gui-4]: started with pid [32886][0m
[1mprocess[spawn_urdf-5]: started with pid [32890][0m
[1mprocess[turtlebot3_slam_gmapping-6]: started with pid [32896][0m
[1mprocess[move_base-7]: started with pid [32898][0m
[1mprocess[rviz-8]: started with pid [32899][0m
[1mprocess[gui_node-9]: started with pid [32922][0m
[1m[spawn_urdf-5] process has finished cleanly
log file: /root/.ros/log/950f48d4-766d-11ef-96f8-0242ac110002/spawn_urdf-5*.log[0m
[rviz-8] killing on exit
[move_base-7] killing on exit
[turtlebot3_slam_gmapping-6] killing on exit
[gazebo_gui-4] killing on exit
[gazebo-3] killing on exit
[0m[ INFO] [1726739851.721557396]: Finished loading Gazebo ROS API Plugin.[0m
[0m[ INFO] [1726739851.722876165]: waitForService: Service [/gazebo/set_physics_properties] has not been advertised, waiting...[0m
[0m[ INFO] [1726739852.586272289]: waitForService: Service [/gazebo/set_physics_properties] is now available.[0m
[0m[ INFO] [1726739852.652349640, 0.008000000]: Physics dynamic reconfigure ready.[0m
[0m[ INFO] [1726739854.120106037, 0.246000000]: Camera Plugin: Using the 'robotNamespace' param: '/'[0m
[0m[ INFO] [1726739854.126528684, 0.246000000]: Camera Plugin (ns = /)  <tf_prefix_>, set to ""[0m
[0m[ INFO] [1726739854.400484462, 0.246000000]: Laser Plugin: Using the 'robotNamespace' param: '/'[0m
[0m[ INFO] [1726739854.400632777, 0.246000000]: Starting Laser Plugin (ns = /)[0m
[0m[ INFO] [1726739854.424637193, 0.246000000]: Laser Plugin (ns = /)  <tf_prefix_>, set to ""[0m
[0m[ INFO] [1726739854.558980217, 0.246000000]: Starting plugin DiffDrive(ns = //)[0m
[0m[ INFO] [1726739854.559136533, 0.246000000]: DiffDrive(ns = //): <rosDebugLevel> = na[0m
[0m[ INFO] [1726739854.560208341, 0.246000000]: DiffDrive(ns = //): <tf_prefix> = [0m
[0m[ INFO] [1726739854.561777099, 0.246000000]: DiffDrive(ns = //): Advertise joint_states[0m
[0m[ INFO] [1726739854.562835405, 0.246000000]: DiffDrive(ns = //): Try to subscribe to cmd_vel[0m
[0m[ INFO] [1726739854.566130237, 0.246000000]: DiffDrive(ns = //): Subscribe to cmd_vel[0m
[0m[ INFO] [1726739854.567372662, 0.246000000]: DiffDrive(ns = //): Advertise odom on odom [0m
~GridSlamProcessor: Start
~GridSlamProcessor: Deleting tree
[31m[gui_node-9] process has died [pid 32922, exit code 127, cmd /root/ros1_ws/src/robot_pkg/script/node/gui_node.py __name:=gui_node __log:=/root/.ros/log/950f48d4-766d-11ef-96f8-0242ac110002/gui_node-9.log].
log file: /root/.ros/log/950f48d4-766d-11ef-96f8-0242ac110002/gui_node-9*.log[0m
[31m[gazebo_gui-4] escalating to SIGTERM[0m
[robot_state_publisher-2] killing on exit
[rosout-1] killing on exit
[master] killing on exit
shutting down processing monitor...
... shutting down processing monitor complete
[1mdone[0m
